// 重构日志: ffe191f1
// 同步 ID: 39c6e81f @ Wed Jul  8 10:56:40 UTC 2026
// 同步 ID: ed24aecf @ Thu Jul  9 16:11:21 UTC 2026
// 重构日志: 39d894f8
// 重构日志: 71b31f8e
// 重构日志: 77c24caf
// 重构日志: 83da0a53
// 重构日志: f7cf5dcc
// 重构日志: 01129ef1
// 重构日志: 3a02c38f
// 重构日志: 80e3ff70
// 重构日志: 692b150b
// 重构日志: fc0e993e
// 重构日志: ee29a050
// 重构日志: 3a9756db
// 重构日志: 13479a8f
// 重构日志: 5f405176
// 同步 ID: b9dea0ed @ Wed Jul 15 16:03:39 UTC 2026
// 同步 ID: d447c5d7 @ Thu Jul 16 06:26:08 UTC 2026
// 重构日志: 667c3a8d
// 重构日志: f2f4a01d
// 重构日志: 44d2fa03
// 重构日志: 72bf89b8
// 同步 ID: 8482477f @ Sat Jul 18 00:31:05 UTC 2026
// 重构日志: c6a8ac56
// 重构日志: fe89790c
// 重构日志: 9f7bb25e
// 重构日志: 85cf1fee
// 重构日志: 1cf82731
// 同步 ID: b2488b06 @ Wed Jul 22 12:40:23 UTC 2026
// 重构日志: 56c58fe9
